2024-07-06T19:33:13.285-03:00  INFO 8656 --- [restartedMain] soluction.com.portal.PortalApplication   : Starting PortalApplication using Java 17.0.7 with PID 8656 (C:\Users\HNROr\Documents\Neemias Brito\portal-projeto\segunda parte do projeto\target\classes started by HNROr in C:\Users\HNROr\Documents\Neemias Brito\portal-projeto\segunda parte do projeto)
2024-07-06T19:33:13.303-03:00  INFO 8656 --- [restartedMain] soluction.com.portal.PortalApplication   : The following 1 profile is active: "dev"
2024-07-06T19:33:13.866-03:00  INFO 8656 --- [restartedMain] o.s.b.devtools.restart.ChangeableUrls    : The Class-Path manifest attribute in C:\Users\HNROr\.m2\repository\io\grpc\grpc-netty-shaded\1.13.1\grpc-netty-shaded-1.13.1.jar referenced one or more files that do not exist: file:/C:/Users/HNROr/.m2/repository/io/grpc/grpc-netty-shaded/1.13.1/grpc-core-1.13.1.jar,file:/C:/Users/HNROr/.m2/repository/io/grpc/grpc-netty-shaded/1.13.1/grpc-context-1.13.1.jar,file:/C:/Users/HNROr/.m2/repository/io/grpc/grpc-netty-shaded/1.13.1/gson-2.7.jar,file:/C:/Users/HNROr/.m2/repository/io/grpc/grpc-netty-shaded/1.13.1/guava-20.0.jar,file:/C:/Users/HNROr/.m2/repository/io/grpc/grpc-netty-shaded/1.13.1/error_prone_annotations-2.1.2.jar,file:/C:/Users/HNROr/.m2/repository/io/grpc/grpc-netty-shaded/1.13.1/jsr305-3.0.0.jar,file:/C:/Users/HNROr/.m2/repository/io/grpc/grpc-netty-shaded/1.13.1/opencensus-contrib-grpc-metrics-0.12.3.jar,file:/C:/Users/HNROr/.m2/repository/io/grpc/grpc-netty-shaded/1.13.1/opencensus-api-0.12.3.jar
2024-07-06T19:33:13.869-03:00  INFO 8656 --- [restartedMain] .e.DevToolsPropertyDefaultsPostProcessor : Devtools property defaults active! Set 'spring.devtools.add-properties' to 'false' to disable
2024-07-06T19:33:13.870-03:00  INFO 8656 --- [restartedMain] .e.DevToolsPropertyDefaultsPostProcessor : For additional web related logging consider setting the 'logging.level.web' property to 'DEBUG'
2024-07-06T19:33:21.916-03:00  INFO 8656 --- [restartedMain] .s.d.r.c.RepositoryConfigurationDelegate : Bootstrapping Spring Data JPA repositories in DEFAULT mode.
2024-07-06T19:33:22.396-03:00  INFO 8656 --- [restartedMain] .s.d.r.c.RepositoryConfigurationDelegate : Finished Spring Data repository scanning in 440 ms. Found 11 JPA repository interfaces.
2024-07-06T19:33:25.978-03:00  INFO 8656 --- [restartedMain] o.s.b.w.embedded.tomcat.TomcatWebServer  : Tomcat initialized with port(s): 8080 (http)
2024-07-06T19:33:26.042-03:00  INFO 8656 --- [restartedMain] o.apache.catalina.core.StandardService   : Starting service [Tomcat]
2024-07-06T19:33:26.043-03:00  INFO 8656 --- [restartedMain] o.apache.catalina.core.StandardEngine    : Starting Servlet engine: [Apache Tomcat/10.1.15]
2024-07-06T19:33:26.383-03:00  INFO 8656 --- [restartedMain] o.a.c.c.C.[.[localhost].[/portal-api]    : Initializing Spring embedded WebApplicationContext
2024-07-06T19:33:26.385-03:00  INFO 8656 --- [restartedMain] w.s.c.ServletWebServerApplicationContext : Root WebApplicationContext: initialization completed in 12512 ms
2024-07-06T19:33:27.057-03:00  INFO 8656 --- [restartedMain] com.zaxxer.hikari.HikariDataSource       : HikariPool-1 - Starting...
2024-07-06T19:33:31.688-03:00  INFO 8656 --- [restartedMain] com.zaxxer.hikari.HikariDataSource       : HikariPool-1 - Start completed.
2024-07-06T19:33:31.910-03:00  INFO 8656 --- [restartedMain] o.hibernate.jpa.internal.util.LogHelper  : HHH000204: Processing PersistenceUnitInfo [name: default]
2024-07-06T19:33:32.485-03:00  INFO 8656 --- [restartedMain] org.hibernate.Version                    : HHH000412: Hibernate ORM core version 6.2.13.Final
2024-07-06T19:33:32.498-03:00  INFO 8656 --- [restartedMain] org.hibernate.cfg.Environment            : HHH000406: Using bytecode reflection optimizer
2024-07-06T19:33:33.945-03:00  INFO 8656 --- [restartedMain] o.s.o.j.p.SpringPersistenceUnitInfo      : No LoadTimeWeaver setup: ignoring JPA class transformer
2024-07-06T19:33:34.450-03:00  WARN 8656 --- [restartedMain] org.hibernate.orm.deprecation            : HHH90000025: PostgreSQLDialect does not need to be specified explicitly using 'hibernate.dialect' (remove the property setting and it will be selected by default)
2024-07-06T19:33:38.072-03:00  INFO 8656 --- [restartedMain] o.h.e.t.j.p.i.JtaPlatformInitiator       : HHH000489: No JTA platform available (set 'hibernate.transaction.jta.platform' to enable JTA platform integration)
2024-07-06T19:33:38.079-03:00  INFO 8656 --- [restartedMain] j.LocalContainerEntityManagerFactoryBean : Initialized JPA EntityManagerFactory for persistence unit 'default'
2024-07-06T19:33:41.034-03:00  WARN 8656 --- [restartedMain] JpaBaseConfiguration$JpaWebConfiguration : spring.jpa.open-in-view is enabled by default. Therefore, database queries may be performed during view rendering. Explicitly configure spring.jpa.open-in-view to disable this warning
2024-07-06T19:33:42.295-03:00  INFO 8656 --- [restartedMain] o.s.b.d.a.OptionalLiveReloadServer       : LiveReload server is running on port 35729
2024-07-06T19:33:42.434-03:00  INFO 8656 --- [restartedMain] o.s.b.w.embedded.tomcat.TomcatWebServer  : Tomcat started on port(s): 8080 (http) with context path '/portal-api'
2024-07-06T19:33:42.463-03:00  INFO 8656 --- [restartedMain] soluction.com.portal.PortalApplication   : Started PortalApplication in 31.696 seconds (process running for 55.524)
2024-07-06T19:51:44.989-03:00  INFO 8656 --- [http-nio-8080-exec-2] o.a.c.c.C.[.[localhost].[/portal-api]    : Initializing Spring DispatcherServlet 'dispatcherServlet'
2024-07-06T19:51:44.991-03:00  INFO 8656 --- [http-nio-8080-exec-2] o.s.web.servlet.DispatcherServlet        : Initializing Servlet 'dispatcherServlet'
2024-07-06T19:51:44.995-03:00  INFO 8656 --- [http-nio-8080-exec-2] o.s.web.servlet.DispatcherServlet        : Completed initialization in 4 ms
2024-07-06T19:54:55.866-03:00  INFO 8656 --- [SpringApplicationShutdownHook] j.LocalContainerEntityManagerFactoryBean : Closing JPA EntityManagerFactory for persistence unit 'default'
2024-07-06T19:54:56.068-03:00  INFO 8656 --- [SpringApplicationShutdownHook] com.zaxxer.hikari.HikariDataSource       : HikariPool-1 - Shutdown initiated...
2024-07-06T19:54:56.170-03:00  INFO 8656 --- [SpringApplicationShutdownHook] com.zaxxer.hikari.HikariDataSource       : HikariPool-1 - Shutdown completed.
2024-07-06T19:55:28.769-03:00  INFO 8948 --- [restartedMain] soluction.com.portal.PortalApplication   : Starting PortalApplication using Java 17.0.7 with PID 8948 (C:\Users\HNROr\Documents\Neemias Brito\portal-projeto\segunda parte do projeto\target\classes started by HNROr in C:\Users\HNROr\Documents\Neemias Brito\portal-projeto\segunda parte do projeto)
2024-07-06T19:55:28.778-03:00  INFO 8948 --- [restartedMain] soluction.com.portal.PortalApplication   : The following 1 profile is active: "dev"
2024-07-06T19:55:29.146-03:00  INFO 8948 --- [restartedMain] o.s.b.devtools.restart.ChangeableUrls    : The Class-Path manifest attribute in C:\Users\HNROr\.m2\repository\io\grpc\grpc-netty-shaded\1.13.1\grpc-netty-shaded-1.13.1.jar referenced one or more files that do not exist: file:/C:/Users/HNROr/.m2/repository/io/grpc/grpc-netty-shaded/1.13.1/grpc-core-1.13.1.jar,file:/C:/Users/HNROr/.m2/repository/io/grpc/grpc-netty-shaded/1.13.1/grpc-context-1.13.1.jar,file:/C:/Users/HNROr/.m2/repository/io/grpc/grpc-netty-shaded/1.13.1/gson-2.7.jar,file:/C:/Users/HNROr/.m2/repository/io/grpc/grpc-netty-shaded/1.13.1/guava-20.0.jar,file:/C:/Users/HNROr/.m2/repository/io/grpc/grpc-netty-shaded/1.13.1/error_prone_annotations-2.1.2.jar,file:/C:/Users/HNROr/.m2/repository/io/grpc/grpc-netty-shaded/1.13.1/jsr305-3.0.0.jar,file:/C:/Users/HNROr/.m2/repository/io/grpc/grpc-netty-shaded/1.13.1/opencensus-contrib-grpc-metrics-0.12.3.jar,file:/C:/Users/HNROr/.m2/repository/io/grpc/grpc-netty-shaded/1.13.1/opencensus-api-0.12.3.jar
2024-07-06T19:55:29.147-03:00  INFO 8948 --- [restartedMain] .e.DevToolsPropertyDefaultsPostProcessor : Devtools property defaults active! Set 'spring.devtools.add-properties' to 'false' to disable
2024-07-06T19:55:29.148-03:00  INFO 8948 --- [restartedMain] .e.DevToolsPropertyDefaultsPostProcessor : For additional web related logging consider setting the 'logging.level.web' property to 'DEBUG'
2024-07-06T19:55:33.887-03:00  INFO 8948 --- [restartedMain] .s.d.r.c.RepositoryConfigurationDelegate : Bootstrapping Spring Data JPA repositories in DEFAULT mode.
2024-07-06T19:55:34.446-03:00  INFO 8948 --- [restartedMain] .s.d.r.c.RepositoryConfigurationDelegate : Finished Spring Data repository scanning in 517 ms. Found 11 JPA repository interfaces.
2024-07-06T19:55:39.624-03:00  INFO 8948 --- [restartedMain] o.s.b.w.embedded.tomcat.TomcatWebServer  : Tomcat initialized with port(s): 8080 (http)
2024-07-06T19:55:39.761-03:00  INFO 8948 --- [restartedMain] o.apache.catalina.core.StandardService   : Starting service [Tomcat]
2024-07-06T19:55:39.762-03:00  INFO 8948 --- [restartedMain] o.apache.catalina.core.StandardEngine    : Starting Servlet engine: [Apache Tomcat/10.1.15]
2024-07-06T19:55:40.371-03:00  INFO 8948 --- [restartedMain] o.a.c.c.C.[.[localhost].[/portal-api]    : Initializing Spring embedded WebApplicationContext
2024-07-06T19:55:40.372-03:00  INFO 8948 --- [restartedMain] w.s.c.ServletWebServerApplicationContext : Root WebApplicationContext: initialization completed in 11222 ms
2024-07-06T19:55:41.465-03:00  INFO 8948 --- [restartedMain] com.zaxxer.hikari.HikariDataSource       : HikariPool-1 - Starting...
2024-07-06T19:55:44.202-03:00  INFO 8948 --- [restartedMain] com.zaxxer.hikari.HikariDataSource       : HikariPool-1 - Start completed.
2024-07-06T19:55:44.467-03:00  INFO 8948 --- [restartedMain] o.hibernate.jpa.internal.util.LogHelper  : HHH000204: Processing PersistenceUnitInfo [name: default]
2024-07-06T19:55:44.866-03:00  INFO 8948 --- [restartedMain] org.hibernate.Version                    : HHH000412: Hibernate ORM core version 6.2.13.Final
2024-07-06T19:55:44.889-03:00  INFO 8948 --- [restartedMain] org.hibernate.cfg.Environment            : HHH000406: Using bytecode reflection optimizer
2024-07-06T19:55:46.560-03:00  INFO 8948 --- [restartedMain] o.s.o.j.p.SpringPersistenceUnitInfo      : No LoadTimeWeaver setup: ignoring JPA class transformer
2024-07-06T19:55:47.035-03:00  WARN 8948 --- [restartedMain] org.hibernate.orm.deprecation            : HHH90000025: PostgreSQLDialect does not need to be specified explicitly using 'hibernate.dialect' (remove the property setting and it will be selected by default)
2024-07-06T19:55:53.041-03:00  INFO 8948 --- [restartedMain] o.h.e.t.j.p.i.JtaPlatformInitiator       : HHH000489: No JTA platform available (set 'hibernate.transaction.jta.platform' to enable JTA platform integration)
2024-07-06T19:55:53.053-03:00  INFO 8948 --- [restartedMain] j.LocalContainerEntityManagerFactoryBean : Initialized JPA EntityManagerFactory for persistence unit 'default'
2024-07-06T19:55:57.570-03:00  WARN 8948 --- [restartedMain] JpaBaseConfiguration$JpaWebConfiguration : spring.jpa.open-in-view is enabled by default. Therefore, database queries may be performed during view rendering. Explicitly configure spring.jpa.open-in-view to disable this warning
2024-07-06T19:55:59.951-03:00  INFO 8948 --- [restartedMain] o.s.b.d.a.OptionalLiveReloadServer       : LiveReload server is running on port 35729
2024-07-06T19:56:00.253-03:00  INFO 8948 --- [restartedMain] o.s.b.w.embedded.tomcat.TomcatWebServer  : Tomcat started on port(s): 8080 (http) with context path '/portal-api'
2024-07-06T19:56:00.377-03:00  INFO 8948 --- [restartedMain] soluction.com.portal.PortalApplication   : Started PortalApplication in 33.709 seconds (process running for 55.336)
2024-07-06T19:57:03.037-03:00  INFO 8948 --- [http-nio-8080-exec-3] o.a.c.c.C.[.[localhost].[/portal-api]    : Initializing Spring DispatcherServlet 'dispatcherServlet'
2024-07-06T19:57:03.039-03:00  INFO 8948 --- [http-nio-8080-exec-3] o.s.web.servlet.DispatcherServlet        : Initializing Servlet 'dispatcherServlet'
2024-07-06T19:57:03.042-03:00  INFO 8948 --- [http-nio-8080-exec-3] o.s.web.servlet.DispatcherServlet        : Completed initialization in 3 ms
2024-07-06T19:58:33.487-03:00  INFO 8948 --- [SpringApplicationShutdownHook] j.LocalContainerEntityManagerFactoryBean : Closing JPA EntityManagerFactory for persistence unit 'default'
2024-07-06T19:58:33.502-03:00  INFO 8948 --- [SpringApplicationShutdownHook] com.zaxxer.hikari.HikariDataSource       : HikariPool-1 - Shutdown initiated...
2024-07-06T19:58:33.588-03:00  INFO 8948 --- [SpringApplicationShutdownHook] com.zaxxer.hikari.HikariDataSource       : HikariPool-1 - Shutdown completed.
2024-07-06T19:58:43.211-03:00  INFO 7532 --- [restartedMain] soluction.com.portal.PortalApplication   : Starting PortalApplication using Java 17.0.7 with PID 7532 (C:\Users\HNROr\Documents\Neemias Brito\portal-projeto\segunda parte do projeto\target\classes started by HNROr in C:\Users\HNROr\Documents\Neemias Brito\portal-projeto\segunda parte do projeto)
2024-07-06T19:58:43.220-03:00  INFO 7532 --- [restartedMain] soluction.com.portal.PortalApplication   : The following 1 profile is active: "dev"
2024-07-06T19:58:43.515-03:00  INFO 7532 --- [restartedMain] o.s.b.devtools.restart.ChangeableUrls    : The Class-Path manifest attribute in C:\Users\HNROr\.m2\repository\io\grpc\grpc-netty-shaded\1.13.1\grpc-netty-shaded-1.13.1.jar referenced one or more files that do not exist: file:/C:/Users/HNROr/.m2/repository/io/grpc/grpc-netty-shaded/1.13.1/grpc-core-1.13.1.jar,file:/C:/Users/HNROr/.m2/repository/io/grpc/grpc-netty-shaded/1.13.1/grpc-context-1.13.1.jar,file:/C:/Users/HNROr/.m2/repository/io/grpc/grpc-netty-shaded/1.13.1/gson-2.7.jar,file:/C:/Users/HNROr/.m2/repository/io/grpc/grpc-netty-shaded/1.13.1/guava-20.0.jar,file:/C:/Users/HNROr/.m2/repository/io/grpc/grpc-netty-shaded/1.13.1/error_prone_annotations-2.1.2.jar,file:/C:/Users/HNROr/.m2/repository/io/grpc/grpc-netty-shaded/1.13.1/jsr305-3.0.0.jar,file:/C:/Users/HNROr/.m2/repository/io/grpc/grpc-netty-shaded/1.13.1/opencensus-contrib-grpc-metrics-0.12.3.jar,file:/C:/Users/HNROr/.m2/repository/io/grpc/grpc-netty-shaded/1.13.1/opencensus-api-0.12.3.jar
2024-07-06T19:58:43.516-03:00  INFO 7532 --- [restartedMain] .e.DevToolsPropertyDefaultsPostProcessor : Devtools property defaults active! Set 'spring.devtools.add-properties' to 'false' to disable
2024-07-06T19:58:43.518-03:00  INFO 7532 --- [restartedMain] .e.DevToolsPropertyDefaultsPostProcessor : For additional web related logging consider setting the 'logging.level.web' property to 'DEBUG'
2024-07-06T19:58:48.337-03:00  INFO 7532 --- [restartedMain] .s.d.r.c.RepositoryConfigurationDelegate : Bootstrapping Spring Data JPA repositories in DEFAULT mode.
2024-07-06T19:58:49.216-03:00  INFO 7532 --- [restartedMain] .s.d.r.c.RepositoryConfigurationDelegate : Finished Spring Data repository scanning in 833 ms. Found 11 JPA repository interfaces.
2024-07-06T19:58:54.771-03:00  INFO 7532 --- [restartedMain] o.s.b.w.embedded.tomcat.TomcatWebServer  : Tomcat initialized with port(s): 8080 (http)
2024-07-06T19:58:54.823-03:00  INFO 7532 --- [restartedMain] o.apache.catalina.core.StandardService   : Starting service [Tomcat]
2024-07-06T19:58:54.825-03:00  INFO 7532 --- [restartedMain] o.apache.catalina.core.StandardEngine    : Starting Servlet engine: [Apache Tomcat/10.1.15]
2024-07-06T19:58:55.496-03:00  INFO 7532 --- [restartedMain] o.a.c.c.C.[.[localhost].[/portal-api]    : Initializing Spring embedded WebApplicationContext
2024-07-06T19:58:55.505-03:00  INFO 7532 --- [restartedMain] w.s.c.ServletWebServerApplicationContext : Root WebApplicationContext: initialization completed in 11977 ms
2024-07-06T19:58:57.148-03:00  INFO 7532 --- [restartedMain] com.zaxxer.hikari.HikariDataSource       : HikariPool-1 - Starting...
2024-07-06T19:59:00.398-03:00  INFO 7532 --- [restartedMain] com.zaxxer.hikari.HikariDataSource       : HikariPool-1 - Start completed.
2024-07-06T19:59:00.752-03:00  INFO 7532 --- [restartedMain] o.hibernate.jpa.internal.util.LogHelper  : HHH000204: Processing PersistenceUnitInfo [name: default]
2024-07-06T19:59:02.676-03:00  INFO 7532 --- [restartedMain] org.hibernate.Version                    : HHH000412: Hibernate ORM core version 6.2.13.Final
2024-07-06T19:59:02.698-03:00  INFO 7532 --- [restartedMain] org.hibernate.cfg.Environment            : HHH000406: Using bytecode reflection optimizer
2024-07-06T19:59:04.077-03:00  INFO 7532 --- [restartedMain] o.s.o.j.p.SpringPersistenceUnitInfo      : No LoadTimeWeaver setup: ignoring JPA class transformer
2024-07-06T19:59:04.523-03:00  WARN 7532 --- [restartedMain] org.hibernate.orm.deprecation            : HHH90000025: PostgreSQLDialect does not need to be specified explicitly using 'hibernate.dialect' (remove the property setting and it will be selected by default)
2024-07-06T19:59:09.759-03:00  INFO 7532 --- [restartedMain] o.h.e.t.j.p.i.JtaPlatformInitiator       : HHH000489: No JTA platform available (set 'hibernate.transaction.jta.platform' to enable JTA platform integration)
2024-07-06T19:59:09.770-03:00  INFO 7532 --- [restartedMain] j.LocalContainerEntityManagerFactoryBean : Initialized JPA EntityManagerFactory for persistence unit 'default'
2024-07-06T19:59:13.972-03:00  WARN 7532 --- [restartedMain] JpaBaseConfiguration$JpaWebConfiguration : spring.jpa.open-in-view is enabled by default. Therefore, database queries may be performed during view rendering. Explicitly configure spring.jpa.open-in-view to disable this warning
2024-07-06T19:59:17.009-03:00  INFO 7532 --- [restartedMain] o.s.b.d.a.OptionalLiveReloadServer       : LiveReload server is running on port 35729
2024-07-06T19:59:17.183-03:00  INFO 7532 --- [restartedMain] o.s.b.w.embedded.tomcat.TomcatWebServer  : Tomcat started on port(s): 8080 (http) with context path '/portal-api'
2024-07-06T19:59:17.280-03:00  INFO 7532 --- [restartedMain] soluction.com.portal.PortalApplication   : Started PortalApplication in 36.259 seconds (process running for 38.842)
2024-07-06T19:59:39.364-03:00  INFO 7532 --- [http-nio-8080-exec-1] o.a.c.c.C.[.[localhost].[/portal-api]    : Initializing Spring DispatcherServlet 'dispatcherServlet'
2024-07-06T19:59:39.366-03:00  INFO 7532 --- [http-nio-8080-exec-1] o.s.web.servlet.DispatcherServlet        : Initializing Servlet 'dispatcherServlet'
2024-07-06T19:59:39.370-03:00  INFO 7532 --- [http-nio-8080-exec-1] o.s.web.servlet.DispatcherServlet        : Completed initialization in 4 ms
2024-07-06T20:01:06.319-03:00  INFO 7532 --- [SpringApplicationShutdownHook] j.LocalContainerEntityManagerFactoryBean : Closing JPA EntityManagerFactory for persistence unit 'default'
2024-07-06T20:01:06.355-03:00  INFO 7532 --- [SpringApplicationShutdownHook] com.zaxxer.hikari.HikariDataSource       : HikariPool-1 - Shutdown initiated...
2024-07-06T20:01:06.405-03:00  INFO 7532 --- [SpringApplicationShutdownHook] com.zaxxer.hikari.HikariDataSource       : HikariPool-1 - Shutdown completed.
2024-07-06T20:01:16.415-03:00  INFO 3116 --- [restartedMain] soluction.com.portal.PortalApplication   : Starting PortalApplication using Java 17.0.7 with PID 3116 (C:\Users\HNROr\Documents\Neemias Brito\portal-projeto\segunda parte do projeto\target\classes started by HNROr in C:\Users\HNROr\Documents\Neemias Brito\portal-projeto\segunda parte do projeto)
2024-07-06T20:01:16.427-03:00  INFO 3116 --- [restartedMain] soluction.com.portal.PortalApplication   : The following 1 profile is active: "dev"
2024-07-06T20:01:16.887-03:00  INFO 3116 --- [restartedMain] o.s.b.devtools.restart.ChangeableUrls    : The Class-Path manifest attribute in C:\Users\HNROr\.m2\repository\io\grpc\grpc-netty-shaded\1.13.1\grpc-netty-shaded-1.13.1.jar referenced one or more files that do not exist: file:/C:/Users/HNROr/.m2/repository/io/grpc/grpc-netty-shaded/1.13.1/grpc-core-1.13.1.jar,file:/C:/Users/HNROr/.m2/repository/io/grpc/grpc-netty-shaded/1.13.1/grpc-context-1.13.1.jar,file:/C:/Users/HNROr/.m2/repository/io/grpc/grpc-netty-shaded/1.13.1/gson-2.7.jar,file:/C:/Users/HNROr/.m2/repository/io/grpc/grpc-netty-shaded/1.13.1/guava-20.0.jar,file:/C:/Users/HNROr/.m2/repository/io/grpc/grpc-netty-shaded/1.13.1/error_prone_annotations-2.1.2.jar,file:/C:/Users/HNROr/.m2/repository/io/grpc/grpc-netty-shaded/1.13.1/jsr305-3.0.0.jar,file:/C:/Users/HNROr/.m2/repository/io/grpc/grpc-netty-shaded/1.13.1/opencensus-contrib-grpc-metrics-0.12.3.jar,file:/C:/Users/HNROr/.m2/repository/io/grpc/grpc-netty-shaded/1.13.1/opencensus-api-0.12.3.jar
2024-07-06T20:01:16.894-03:00  INFO 3116 --- [restartedMain] .e.DevToolsPropertyDefaultsPostProcessor : Devtools property defaults active! Set 'spring.devtools.add-properties' to 'false' to disable
2024-07-06T20:01:16.896-03:00  INFO 3116 --- [restartedMain] .e.DevToolsPropertyDefaultsPostProcessor : For additional web related logging consider setting the 'logging.level.web' property to 'DEBUG'
2024-07-06T20:01:21.265-03:00  INFO 3116 --- [restartedMain] .s.d.r.c.RepositoryConfigurationDelegate : Bootstrapping Spring Data JPA repositories in DEFAULT mode.
2024-07-06T20:01:22.158-03:00  INFO 3116 --- [restartedMain] .s.d.r.c.RepositoryConfigurationDelegate : Finished Spring Data repository scanning in 849 ms. Found 11 JPA repository interfaces.
2024-07-06T20:01:27.757-03:00  INFO 3116 --- [restartedMain] o.s.b.w.embedded.tomcat.TomcatWebServer  : Tomcat initialized with port(s): 8080 (http)
2024-07-06T20:01:27.813-03:00  INFO 3116 --- [restartedMain] o.apache.catalina.core.StandardService   : Starting service [Tomcat]
2024-07-06T20:01:27.821-03:00  INFO 3116 --- [restartedMain] o.apache.catalina.core.StandardEngine    : Starting Servlet engine: [Apache Tomcat/10.1.15]
2024-07-06T20:01:28.341-03:00  INFO 3116 --- [restartedMain] o.a.c.c.C.[.[localhost].[/portal-api]    : Initializing Spring embedded WebApplicationContext
2024-07-06T20:01:28.342-03:00  INFO 3116 --- [restartedMain] w.s.c.ServletWebServerApplicationContext : Root WebApplicationContext: initialization completed in 11445 ms
2024-07-06T20:01:29.243-03:00  INFO 3116 --- [restartedMain] com.zaxxer.hikari.HikariDataSource       : HikariPool-1 - Starting...
2024-07-06T20:01:32.085-03:00  INFO 3116 --- [restartedMain] com.zaxxer.hikari.HikariDataSource       : HikariPool-1 - Start completed.
2024-07-06T20:01:32.255-03:00  INFO 3116 --- [restartedMain] o.hibernate.jpa.internal.util.LogHelper  : HHH000204: Processing PersistenceUnitInfo [name: default]
2024-07-06T20:01:32.566-03:00  INFO 3116 --- [restartedMain] org.hibernate.Version                    : HHH000412: Hibernate ORM core version 6.2.13.Final
2024-07-06T20:01:32.573-03:00  INFO 3116 --- [restartedMain] org.hibernate.cfg.Environment            : HHH000406: Using bytecode reflection optimizer
2024-07-06T20:01:34.224-03:00  INFO 3116 --- [restartedMain] o.s.o.j.p.SpringPersistenceUnitInfo      : No LoadTimeWeaver setup: ignoring JPA class transformer
2024-07-06T20:01:34.769-03:00  WARN 3116 --- [restartedMain] org.hibernate.orm.deprecation            : HHH90000025: PostgreSQLDialect does not need to be specified explicitly using 'hibernate.dialect' (remove the property setting and it will be selected by default)
2024-07-06T20:01:40.644-03:00  INFO 3116 --- [restartedMain] o.h.e.t.j.p.i.JtaPlatformInitiator       : HHH000489: No JTA platform available (set 'hibernate.transaction.jta.platform' to enable JTA platform integration)
2024-07-06T20:01:40.658-03:00  INFO 3116 --- [restartedMain] j.LocalContainerEntityManagerFactoryBean : Initialized JPA EntityManagerFactory for persistence unit 'default'
2024-07-06T20:01:48.025-03:00  WARN 3116 --- [restartedMain] JpaBaseConfiguration$JpaWebConfiguration : spring.jpa.open-in-view is enabled by default. Therefore, database queries may be performed during view rendering. Explicitly configure spring.jpa.open-in-view to disable this warning
2024-07-06T20:01:51.085-03:00  INFO 3116 --- [restartedMain] o.s.b.d.a.OptionalLiveReloadServer       : LiveReload server is running on port 35729
2024-07-06T20:01:51.349-03:00  INFO 3116 --- [restartedMain] o.s.b.w.embedded.tomcat.TomcatWebServer  : Tomcat started on port(s): 8080 (http) with context path '/portal-api'
2024-07-06T20:01:51.449-03:00  INFO 3116 --- [restartedMain] soluction.com.portal.PortalApplication   : Started PortalApplication in 37.619 seconds (process running for 40.08)
2024-07-06T20:01:59.551-03:00  INFO 3116 --- [http-nio-8080-exec-1] o.a.c.c.C.[.[localhost].[/portal-api]    : Initializing Spring DispatcherServlet 'dispatcherServlet'
2024-07-06T20:01:59.552-03:00  INFO 3116 --- [http-nio-8080-exec-1] o.s.web.servlet.DispatcherServlet        : Initializing Servlet 'dispatcherServlet'
2024-07-06T20:01:59.556-03:00  INFO 3116 --- [http-nio-8080-exec-1] o.s.web.servlet.DispatcherServlet        : Completed initialization in 3 ms
2024-07-06T20:02:37.477-03:00  WARN 3116 --- [http-nio-8080-exec-3] .m.m.a.ExceptionHandlerExceptionResolver : Resolved [org.springframework.http.converter.HttpMessageNotReadableException: JSON parse error: Unexpected character ('}' (code 125)): was expecting double-quote to start field name]
2024-07-06T20:03:30.100-03:00  WARN 3116 --- [http-nio-8080-exec-5] .m.m.a.ExceptionHandlerExceptionResolver : Resolved [org.springframework.http.converter.HttpMessageNotReadableException: JSON parse error: Unexpected character ('}' (code 125)): was expecting double-quote to start field name]
2024-07-06T20:03:55.733-03:00  WARN 3116 --- [http-nio-8080-exec-8] .m.m.a.ExceptionHandlerExceptionResolver : Resolved [org.springframework.http.converter.HttpMessageNotReadableException: JSON parse error: Cannot deserialize value of type `java.lang.Long` from String "asasdasd": not a valid `java.lang.Long` value]
